<?xml version="1.0" encoding="UTF-8"?>
<!-- Generated by org.testng.reporters.JUnitXMLReporter -->
<testsuite hostname="Vikash-PC" ignored="0" name="Add customer Test" tests="5" failures="5" timestamp="18 Oct 2018 18:18:54 GMT" time="0.649" errors="0">
  <testcase name="addcustomer" time="0.194" classname="com.w2a.testcases.AddCustomer">
    <failure type="java.lang.NullPointerException">
      <![CDATA[java.lang.NullPointerException
at com.w2a.base.TestBase.click(TestBase.java:105)
at com.w2a.testcases.AddCustomer.addcustomer(AddCustomer.java:17)
... Removed 25 stack frames]]>
    </failure>
  </testcase> <!-- addcustomer -->
  <testcase name="addcustomer" time="0.073" classname="com.w2a.testcases.AddCustomer">
    <failure type="java.lang.NullPointerException">
      <![CDATA[java.lang.NullPointerException
at com.w2a.base.TestBase.click(TestBase.java:105)
at com.w2a.testcases.AddCustomer.addcustomer(AddCustomer.java:17)
... Removed 25 stack frames]]>
    </failure>
  </testcase> <!-- addcustomer -->
  <testcase name="addcustomer" time="0.091" classname="com.w2a.testcases.AddCustomer">
    <failure type="java.lang.NullPointerException">
      <![CDATA[java.lang.NullPointerException
at com.w2a.base.TestBase.click(TestBase.java:105)
at com.w2a.testcases.AddCustomer.addcustomer(AddCustomer.java:17)
... Removed 25 stack frames]]>
    </failure>
  </testcase> <!-- addcustomer -->
  <testcase name="addcustomer" time="0.144" classname="com.w2a.testcases.AddCustomer">
    <failure type="java.lang.NullPointerException">
      <![CDATA[java.lang.NullPointerException
at com.w2a.base.TestBase.click(TestBase.java:105)
at com.w2a.testcases.AddCustomer.addcustomer(AddCustomer.java:17)
... Removed 25 stack frames]]>
    </failure>
  </testcase> <!-- addcustomer -->
  <testcase name="addcustomer" time="0.08" classname="com.w2a.testcases.AddCustomer">
    <failure type="java.lang.NullPointerException">
      <![CDATA[java.lang.NullPointerException
at com.w2a.base.TestBase.click(TestBase.java:105)
at com.w2a.testcases.AddCustomer.addcustomer(AddCustomer.java:17)
... Removed 25 stack frames]]>
    </failure>
  </testcase> <!-- addcustomer -->
</testsuite> <!-- Add customer Test -->
