<?xml version="1.0" encoding="UTF-8"?>
<!-- Generated by org.testng.reporters.JUnitXMLReporter -->
<testsuite hostname="Vikash-PC" ignored="0" name="Bank Manager Login" tests="1" failures="1" timestamp="18 Oct 2018 18:18:53 GMT" time="0.374" errors="0">
  <testcase name="LoginAsBankManager" time="0.319" classname="com.w2a.testcases.BankManagerLogin">
    <failure type="java.lang.NullPointerException">
      <![CDATA[java.lang.NullPointerException
at com.w2a.base.TestBase.click(TestBase.java:105)
at com.w2a.testcases.BankManagerLogin.LoginAsBankManager(BankManagerLogin.java:16)
... Removed 25 stack frames]]>
    </failure>
  </testcase> <!-- LoginAsBankManager -->
</testsuite> <!-- Bank Manager Login -->
