<?xml version="1.0" encoding="UTF-8"?>
<!-- Generated by org.testng.reporters.JUnitXMLReporter -->
<testsuite hostname="Vikash-PC" ignored="0" name="Open Account" tests="1" failures="1" timestamp="18 Oct 2018 18:18:54 GMT" time="0.134" errors="0">
  <testcase name="openAccount" time="0.13" classname="com.w2a.testcases.OpenAccount">
    <failure type="java.lang.NullPointerException">
      <![CDATA[java.lang.NullPointerException
at com.w2a.base.TestBase.click(TestBase.java:105)
at com.w2a.testcases.OpenAccount.openAccount(OpenAccount.java:17)
... Removed 25 stack frames]]>
    </failure>
  </testcase> <!-- openAccount -->
</testsuite> <!-- Open Account -->
