<?xml version="1.0" encoding="UTF-8"?>
<!-- Generated by org.testng.reporters.JUnitXMLReporter -->
<testsuite hostname="DESKTOP-98NP3GG" ignored="0" name="Add customer Test" tests="5" failures="0" timestamp="14 Jan 2019 11:16:54 GMT" time="21.038" errors="0">
  <testcase name="addcustomer" time="6.718" classname="com.w2a.testcases.AddCustomer"/>
  <testcase name="addcustomer" time="3.358" classname="com.w2a.testcases.AddCustomer"/>
  <testcase name="addcustomer" time="3.331" classname="com.w2a.testcases.AddCustomer"/>
  <testcase name="addcustomer" time="2.893" classname="com.w2a.testcases.AddCustomer"/>
  <testcase name="addcustomer" time="3.184" classname="com.w2a.testcases.AddCustomer"/>
</testsuite> <!-- Add customer Test -->
