<?xml version="1.0" encoding="UTF-8"?>
<testsuite name="TestSuite" time="8.024" tests="7" errors="0" skipped="0" failures="0">
  <properties>
[...]
</properties>
  <testcase name="LoginAsBankManager" classname="com.w2a.testcases.BankManagerLogin" time="0.912"/>
  <testcase name="addcustomer" classname="com.w2a.testcases.AddCustomer" time="3.519"/>
  <testcase name="addcustomer" classname="com.w2a.testcases.AddCustomer" time="2.792"/>
  <testcase name="addcustomer" classname="com.w2a.testcases.AddCustomer" time="2.761"/>
  <testcase name="addcustomer" classname="com.w2a.testcases.AddCustomer" time="2.663"/>
  <testcase name="addcustomer" classname="com.w2a.testcases.AddCustomer" time="3.217"/>
  <testcase name="openAccount" classname="com.w2a.testcases.OpenAccount" time="3.593"/>
</testsuite>