<?xml version="1.0" encoding="UTF-8"?>
<testsuite name="Add customer Test"
           tests="5"
           failures="0"
           errors="0"
           skipped="0"
           time="14.250">
  <properties />
  
  
            <testcase name="addcustomer" time="2.583" classname="com.w2a.testcases.AddCustomer" />
                <testcase name="addcustomer" time="2.724" classname="com.w2a.testcases.AddCustomer" />
                <testcase name="addcustomer" time="2.533" classname="com.w2a.testcases.AddCustomer" />
                <testcase name="addcustomer" time="2.664" classname="com.w2a.testcases.AddCustomer" />
                <testcase name="addcustomer" time="3.746" classname="com.w2a.testcases.AddCustomer" />
      
</testsuite>
