<?xml version="1.0" encoding="UTF-8"?>
<testsuite name="Add customer Test"
           tests="5"
           failures="0"
           errors="0"
           skipped="0"
           time="19.484">
  <properties />
  
  
            <testcase name="addcustomer" time="2.893" classname="com.w2a.testcases.AddCustomer" />
                <testcase name="addcustomer" time="3.184" classname="com.w2a.testcases.AddCustomer" />
                <testcase name="addcustomer" time="6.718" classname="com.w2a.testcases.AddCustomer" />
                <testcase name="addcustomer" time="3.358" classname="com.w2a.testcases.AddCustomer" />
                <testcase name="addcustomer" time="3.331" classname="com.w2a.testcases.AddCustomer" />
      
</testsuite>
