<?xml version="1.0" encoding="UTF-8"?>
<testng-results skipped="0" failed="0" ignored="0" total="7" passed="7">
  <reporter-output>
    <line>
      <![CDATA[Login Successfully Executed]]>
    </line>
  </reporter-output>
  <suite name="Data Driven Basic" duration-ms="51505" started-at="2019-01-14T11:16:07Z" finished-at="2019-01-14T11:16:59Z">
    <groups>
    </groups>
    <test name="Bank Manager Login" duration-ms="23881" started-at="2019-01-14T11:16:07Z" finished-at="2019-01-14T11:16:31Z">
      <class name="com.w2a.testcases.BankManagerLogin">
        <test-method status="PASS" signature="LoginAsBankManager()[pri:0, instance:com.w2a.testcases.BankManagerLogin@d6e7bab]" name="LoginAsBankManager" duration-ms="19906" started-at="2019-01-14T11:16:09Z" finished-at="2019-01-14T11:16:29Z">
          <reporter-output>
            <line>
              <![CDATA[Login Successfully Executed]]>
            </line>
          </reporter-output>
        </test-method> <!-- LoginAsBankManager -->
      </class> <!-- com.w2a.testcases.BankManagerLogin -->
    </test> <!-- Bank Manager Login -->
    <test name="Add customer Test" duration-ms="21038" started-at="2019-01-14T11:16:32Z" finished-at="2019-01-14T11:16:54Z">
      <class name="com.w2a.testcases.AddCustomer">
        <test-method status="PASS" signature="addcustomer(java.util.Hashtable)[pri:0, instance:com.w2a.testcases.AddCustomer@e7edb54]" name="addcustomer" duration-ms="6718" started-at="2019-01-14T11:16:33Z" data-provider="dp" finished-at="2019-01-14T11:16:40Z">
          <params>
            <param index="0">
              <value>
                <![CDATA[{PostCode=1006.0, FirstName=Nisha, LastName=Kumar, Runmode=Y, AlertText=Customer added successfully}]]>
              </value>
            </param>
          </params>
          <reporter-output>
          </reporter-output>
        </test-method> <!-- addcustomer -->
        <test-method status="PASS" signature="addcustomer(java.util.Hashtable)[pri:0, instance:com.w2a.testcases.AddCustomer@e7edb54]" name="addcustomer" duration-ms="3358" started-at="2019-01-14T11:16:40Z" data-provider="dp" finished-at="2019-01-14T11:16:43Z">
          <params>
            <param index="0">
              <value>
                <![CDATA[{PostCode=1007.0, FirstName=Ashish, LastName=Kumar, Runmode=Y, AlertText=Customer added successfully}]]>
              </value>
            </param>
          </params>
          <reporter-output>
          </reporter-output>
        </test-method> <!-- addcustomer -->
        <test-method status="PASS" signature="addcustomer(java.util.Hashtable)[pri:0, instance:com.w2a.testcases.AddCustomer@e7edb54]" name="addcustomer" duration-ms="3331" started-at="2019-01-14T11:16:44Z" data-provider="dp" finished-at="2019-01-14T11:16:47Z">
          <params>
            <param index="0">
              <value>
                <![CDATA[{PostCode=1008.0, FirstName=Mahesh, LastName=Kumar, Runmode=Y, AlertText=Customer added successfully}]]>
              </value>
            </param>
          </params>
          <reporter-output>
          </reporter-output>
        </test-method> <!-- addcustomer -->
        <test-method status="PASS" signature="addcustomer(java.util.Hashtable)[pri:0, instance:com.w2a.testcases.AddCustomer@e7edb54]" name="addcustomer" duration-ms="2893" started-at="2019-01-14T11:16:47Z" data-provider="dp" finished-at="2019-01-14T11:16:50Z">
          <params>
            <param index="0">
              <value>
                <![CDATA[{PostCode=1009.0, FirstName=Sunil, LastName=Kumar, Runmode=Y, AlertText=Customer added successfully}]]>
              </value>
            </param>
          </params>
          <reporter-output>
          </reporter-output>
        </test-method> <!-- addcustomer -->
        <test-method status="PASS" signature="addcustomer(java.util.Hashtable)[pri:0, instance:com.w2a.testcases.AddCustomer@e7edb54]" name="addcustomer" duration-ms="3184" started-at="2019-01-14T11:16:50Z" data-provider="dp" finished-at="2019-01-14T11:16:53Z">
          <params>
            <param index="0">
              <value>
                <![CDATA[{PostCode=1010.0, FirstName=Shweta, LastName=Kumar, Runmode=Y, AlertText=Customer added successfully}]]>
              </value>
            </param>
          </params>
          <reporter-output>
          </reporter-output>
        </test-method> <!-- addcustomer -->
      </class> <!-- com.w2a.testcases.AddCustomer -->
    </test> <!-- Add customer Test -->
    <test name="Open Account" duration-ms="4960" started-at="2019-01-14T11:16:54Z" finished-at="2019-01-14T11:16:59Z">
      <class name="com.w2a.testcases.OpenAccount">
        <test-method status="PASS" signature="setup()[pri:0, instance:com.w2a.testcases.OpenAccount@67080771]" name="setup" is-config="true" duration-ms="100829" started-at="2019-01-14T11:14:26Z" finished-at="2019-01-14T11:16:07Z">
          <reporter-output>
          </reporter-output>
        </test-method> <!-- setup -->
        <test-method status="PASS" signature="openAccount(java.util.Hashtable)[pri:0, instance:com.w2a.testcases.OpenAccount@67080771]" name="openAccount" duration-ms="4788" started-at="2019-01-14T11:16:54Z" data-provider="dp" finished-at="2019-01-14T11:16:59Z">
          <params>
            <param index="0">
              <value>
                <![CDATA[{Currency=Rupee, Customer=Nisha Kumar}]]>
              </value>
            </param>
          </params>
          <reporter-output>
          </reporter-output>
        </test-method> <!-- openAccount -->
        <test-method status="PASS" signature="tearDown()[pri:0, instance:com.w2a.testcases.OpenAccount@67080771]" name="tearDown" is-config="true" duration-ms="2089" started-at="2019-01-14T11:16:59Z" finished-at="2019-01-14T11:17:01Z">
          <reporter-output>
          </reporter-output>
        </test-method> <!-- tearDown -->
      </class> <!-- com.w2a.testcases.OpenAccount -->
    </test> <!-- Open Account -->
  </suite> <!-- Data Driven Basic -->
</testng-results>
